<?xml version="1.0" encoding="UTF-8"?>
<!-- Generated by org.testng.reporters.JUnitReportReporter -->
<testsuite skipped="0" hostname="DESKTOP-CCPG5IB" name="mouni.TFP" tests="2" failures="0" timestamp="2022-03-22T17:51:42 IST" time="26.427" errors="0">
  <testcase name="logout" time="5.242" classname="mouni.TFP"/>
  <system-out/>
  <testcase name="login" time="21.185" classname="mouni.TFP"/>
  <system-out/>
</testsuite> <!-- mouni.TFP -->
